/* ABI */
Using predefined ABI Analyzer default
/*             _        _         __         _
              //\      | |       /_/        /\\
             //  \  ___| |_ _ __ ___  ___  /  \\
            // /\ \/ __| __| '__/ _ \/ _ \/ /\ \\
           // ____ \__ \ |_| | |  __/  __/ ____ \\
    ______//_/    \_\__/\__|_|  \___|\__/_/    \_\\______

Analyzer launched at 2017/05/30 22:32:13 (GMT+2)
Developer mode
Command line was "/home/mine/absinthe/svn/astree/analyzer.opt --preprocess cpp -I. -nostdinc Spinner/main.c --exec-fn main --partition-all --max-finite-int-set-size 8 "
Launched by "mine" on "bihexachat", pid=14817
Executable "analyzer.opt" created at 2017/05/21 23:39:50 (GMT+2)
Integer size: unlimited
End-user: Astree Team - Ecole Normale Superieure
Version signature is "f06bae125824e4420694b8c2e11e07b9 -" */

/* Filter patterns */
/* External declarations */
/* Parsing files */
Spinner/main.c: parsing... (file 1 of 1)
Parsed 62 physical lines of preprocessed code
List of malloc contexts:
0 typed malloc context(s)
Computing static dependencies ...

Computing dependency graph
Computing cycles
Dependency analysis done
/* Variables in circular dependencies (0) */

3 total declaration(s)
/* Domains: Pointers, and Guard domain, and Packed (Octagons), and High_passband_domain(10), and Second_order_filter_domain(10), and Arithmetico-geometric series, and new clock, and Dependencies(static), and Equality relations, and Modulo relations, and Symbolic binary floats, and Packed (Boolean relations (based on Absolute value equality relations, and Symbolic constant propagation (max_depth=20), and Linearization, and Integer intervals, and Integer modular intervals, and Integer congruences, and Integer finite sets, and Integer bitfields, and Integer nullness, and Float distance to zero, and Float intervals)), and Symbolic constant propagation (max_depth=20), and Linearization, and Integer intervals, and Integer modular intervals, and Integer congruences, and Integer finite sets, and Integer bitfields, and Integer nullness, and Float distance to zero, and Float intervals, and Symbolic lvalues. */
No ambiguity due to side effects in expressions
/* Executing <main> */
Spinner/main.c:20.81-85:[call#main@63:loop@75=1/1:call#spinner@79:]: WARN (E): uninitialized read: reading 4 byte(s) at offset(s) 0 in variable tmp1
Spinner/main.c:23.86-90:[call#main@63:loop@75=1/1:call#spinner@79:]: WARN (E): uninitialized read: reading 4 byte(s) at offset(s) 0 in variable tmp2
Spinner/main.c:26.84-88:[call#main@63:loop@75=1/1:call#spinner@79:]: WARN (E): uninitialized read: reading 4 byte(s) at offset(s) 0 in variable tmp3
Spinner/main.c:29.84-88:[call#main@63:loop@75=1/1:call#spinner@79:]: WARN (E): uninitialized read: reading 4 byte(s) at offset(s) 0 in variable tmp4
Spinner/main.c:70.2-75.3: up iteration #0
[ Some constraints are not stable:
   Main domain
   Octagons ]
Spinner/main.c:70.2-75.3: up iteration #1
Spinner/main.c:70.2-75.3: down iteration #0
Spinner/main.c:20.81-85:[call#main@63:loop@75>=2:call#spinner@79:]: WARN (E): uninitialized read: reading 4 byte(s) at offset(s) 0 in variable tmp1
Spinner/main.c:23.86-90:[call#main@63:loop@75>=2:call#spinner@79:]: WARN (E): uninitialized read: reading 4 byte(s) at offset(s) 0 in variable tmp2
Spinner/main.c:26.84-88:[call#main@63:loop@75>=2:call#spinner@79:]: WARN (E): uninitialized read: reading 4 byte(s) at offset(s) 0 in variable tmp3
Spinner/main.c:29.84-88:[call#main@63:loop@75>=2:call#spinner@79:]: WARN (E): uninitialized read: reading 4 byte(s) at offset(s) 0 in variable tmp4
Spinner/main.c:70.2-7:[call#main@63:loop@75>=2:]: WARN (E): Loop never terminates for this context. 
WARNING: Spinner/main.c:58.0-77.1:[:]: Analyzed entry-point main never returns. 
Time spent in analysis of entry-point main: 0.056298 s (0 h 0 mn 0 s)

1 procedure(s) executed
/* Possibly shared variables */
No shared variables found
/* Reached functions */
| ----------------------------------------------------------------------- |
|                             |      Number of statements       |         |
| Reached functions (2/2)     |   total | reached | not reached | percent |
| ----------------------------------------------------------------------- |
Spinner/main.c:10.0-56.1: | spinner                     |      26 |      26 |           0 |   100 % |
Spinner/main.c:58.0-77.1: | main                        |      13 |      12 |           1 |    92 % |
| ----------------------------------------------------------------------- |
/* Result summary */
Errors:                        0
Alarms on code locations
  Run-time errors:             4
  Data flow anomalies:         1
  Rule violations:             0
Alarms on memory locations
  Data races:                  0
Reached code:                 97 % (38/39 statements)

dataflow per process and per function
main-process: spinner: smain RW

/* Max heap size: 3.75 MB, 4 major collections */
Duration:                   0.08 s (0 h 0 mn 0 s)
