/* ABI */
Using predefined ABI Analyzer default
/*             _        _         __         _
              //\      | |       /_/        /\\
             //  \  ___| |_ _ __ ___  ___  /  \\
            // /\ \/ __| __| '__/ _ \/ _ \/ /\ \\
           // ____ \__ \ |_| | |  __/  __/ ____ \\
    ______//_/    \_\__/\__|_|  \___|\__/_/    \_\\______

Analyzer launched at 2017/05/30 22:32:13 (GMT+2)
Developer mode
Command line was "/home/mine/absinthe/svn/astree/analyzer.opt --preprocess cpp -I. -nostdinc Rrobin/main.c --exec-fn main --partition-all --max-finite-int-set-size 8 "
Launched by "mine" on "bihexachat", pid=14813
Executable "analyzer.opt" created at 2017/05/21 23:39:50 (GMT+2)
Integer size: unlimited
End-user: Astree Team - Ecole Normale Superieure
Version signature is "f06bae125824e4420694b8c2e11e07b9 -" */

/* Filter patterns */
/* External declarations */
/* Parsing files */
Rrobin/main.c: parsing... (file 1 of 1)
Parsed 65 physical lines of preprocessed code
List of malloc contexts:
0 typed malloc context(s)
Computing static dependencies ...

Computing dependency graph
Computing cycles
Dependency analysis done
/* Variables in circular dependencies (1) */
smain

4 total declaration(s)
/* Domains: Pointers, and Guard domain, and Packed (Octagons), and High_passband_domain(10), and Second_order_filter_domain(10), and Arithmetico-geometric series, and new clock, and Dependencies(static), and Equality relations, and Modulo relations, and Symbolic binary floats, and Packed (Boolean relations (based on Absolute value equality relations, and Symbolic constant propagation (max_depth=20), and Linearization, and Integer intervals, and Integer modular intervals, and Integer congruences, and Integer finite sets, and Integer bitfields, and Integer nullness, and Float distance to zero, and Float intervals)), and Symbolic constant propagation (max_depth=20), and Linearization, and Integer intervals, and Integer modular intervals, and Integer congruences, and Integer finite sets, and Integer bitfields, and Integer nullness, and Float distance to zero, and Float intervals, and Symbolic lvalues. */
No ambiguity due to side effects in expressions
/* Executing <main> */
Rrobin/main.c:60.15-18:[call#main@56:]: WARN (E): uninitialized read: reading 1 byte(s) at offset(s) 0 in variable ir0
Rrobin/main.c:60.20-23:[call#main@56:]: WARN (E): uninitialized read: reading 1 byte(s) at offset(s) 0 in variable ir1
Rrobin/main.c:61.2-68.3: up iteration #0
Rrobin/main.c:61.2-68.3: down iteration #0
Rrobin/main.c:61.2-7:[call#main@56:loop@66>=2:]: WARN (E): Loop never terminates for this context. 
WARNING: Rrobin/main.c:51.0-70.1:[:]: Analyzed entry-point main never returns. 
Time spent in analysis of entry-point main: 0.004157 s (0 h 0 mn 0 s)

1 procedure(s) executed
/* Possibly shared variables */
No shared variables found
/* Reached functions */
| ----------------------------------------------------------------------- |
|                             |      Number of statements       |         |
| Reached functions (2/3)     |   total | reached | not reached | percent |
| ----------------------------------------------------------------------- |
Rrobin/main.c:51.0-70.1: | main                        |      13 |      10 |           3 |    76 % |
Rrobin/main.c:43.0-49.1: | initial_main                |       5 |       5 |           0 |   100 % |
| ----------------------------------------------------------------------- |
/* Not reached functions */
| ----------------------------------------------------------------------- |
|                             |      Number of statements       |         |
| Not reached functions (1/3) |   total | reached | not reached | percent |
| ----------------------------------------------------------------------- |
Rrobin/main.c:12.0-41.1: | rrobin                      |      20 |       0 |          20 |     0 % |
| ----------------------------------------------------------------------- |
/* Result summary */
Errors:                        0
Alarms on code locations
  Run-time errors:             2
  Data flow anomalies:         1
  Rule violations:             0
Alarms on memory locations
  Data races:                  0
Reached code:                 39 % (15/38 statements)

dataflow per process and per function
main-process: initial_main: smain W
main-process: main: smain R

/* Max heap size: 3.75 MB, 4 major collections */
Duration:                   0.03 s (0 h 0 mn 0 s)
