/* ABI */
Using predefined ABI Analyzer default
/*             _        _         __         _
              //\      | |       /_/        /\\
             //  \  ___| |_ _ __ ___  ___  /  \\
            // /\ \/ __| __| '__/ _ \/ _ \/ /\ \\
           // ____ \__ \ |_| | |  __/  __/ ____ \\
    ______//_/    \_\__/\__|_|  \___|\__/_/    \_\\______

Analyzer launched at 2017/05/30 22:32:12 (GMT+2)
Developer mode
Command line was "/home/mine/absinthe/svn/astree/analyzer.opt --preprocess cpp -I. -nostdinc FIFO/main.c --exec-fn main --partition-all --max-finite-int-set-size 8 "
Launched by "mine" on "bihexachat", pid=14801
Executable "analyzer.opt" created at 2017/05/21 23:39:50 (GMT+2)
Integer size: unlimited
End-user: Astree Team - Ecole Normale Superieure
Version signature is "f06bae125824e4420694b8c2e11e07b9 -" */

/* Filter patterns */
/* External declarations */
/* Parsing files */
FIFO/main.c: parsing... (file 1 of 1)
Parsed 124 physical lines of preprocessed code
List of malloc contexts:
0 typed malloc context(s)
Computing static dependencies ...

Computing dependency graph
Computing cycles
Dependency analysis done
/* Variables in circular dependencies (5) */
ssrFIFO
i
i
srbFIFO
i

17 total declaration(s)
/* Domains: Pointers, and Guard domain, and Packed (Octagons), and High_passband_domain(10), and Second_order_filter_domain(10), and Arithmetico-geometric series, and new clock, and Dependencies(static), and Equality relations, and Modulo relations, and Symbolic binary floats, and Packed (Boolean relations (based on Absolute value equality relations, and Symbolic constant propagation (max_depth=20), and Linearization, and Integer intervals, and Integer modular intervals, and Integer congruences, and Integer finite sets, and Integer bitfields, and Integer nullness, and Float distance to zero, and Float intervals)), and Symbolic constant propagation (max_depth=20), and Linearization, and Integer intervals, and Integer modular intervals, and Integer congruences, and Integer finite sets, and Integer bitfields, and Integer nullness, and Float distance to zero, and Float intervals, and Symbolic lvalues. */
No ambiguity due to side effects in expressions
/* Executing <main> */
FIFO/main.c:67.2-68.23: up iteration #0
[ Some constraints are not stable:
   Arithmetico-geometric series
   Main domain
   New_clock
   Symbolic binary floats
   Zero-flags in struct-domain ]
FIFO/main.c:67.2-68.23: up iteration #1
FIFO/main.c:67.2-68.23: down iteration #0
FIFO/main.c:16.2-17.23: up iteration #0
[ Some constraints are not stable:
   Arithmetico-geometric series
   Main domain
   New_clock
   Symbolic binary floats
   Zero-flags in struct-domain ]
FIFO/main.c:16.2-17.23: up iteration #1
FIFO/main.c:16.2-17.23: down iteration #0
FIFO/main.c:29.4-30.50: up iteration #0
FIFO/main.c:29.4-30.50: down iteration #0
FIFO/main.c:116.2-32:[call#main@124:loop@138=1/1:call#design@142:]: WARN (E): assert failure __ASTREE_assert((*equal == 1))
FIFO/main.c:29.4-30.50: up iteration #0
FIFO/main.c:29.4-30.50: down iteration #0
FIFO/main.c:133.2-138.3: up iteration #0
[ Some constraints are not stable:
   Main domain
   Symbolic binary floats ]
FIFO/main.c:29.4-30.50: up iteration #0
FIFO/main.c:29.4-30.50: down iteration #0
FIFO/main.c:133.2-138.3: up iteration #1
[ Some constraints are not stable:
   Main domain
   Symbolic binary floats ]
FIFO/main.c:29.4-30.50: up iteration #0
FIFO/main.c:29.4-30.50: down iteration #0
FIFO/main.c:133.2-138.3: up iteration #2
[ Some constraints are not stable:
   Main domain
   Symbolic binary floats ]
FIFO/main.c:29.4-30.50: up iteration #0
FIFO/main.c:29.4-30.50: down iteration #0
FIFO/main.c:133.2-138.3: up iteration #3
[ Some constraints are not stable:
   Main domain
   Symbolic binary floats ]
FIFO/main.c:29.4-30.50: up iteration #0
FIFO/main.c:29.4-30.50: down iteration #0
FIFO/main.c:133.2-138.3: up iteration #4
[ Some constraints are not stable:
   Main domain
   Symbolic binary floats ]
FIFO/main.c:29.4-30.50: up iteration #0
FIFO/main.c:29.4-30.50: down iteration #0
FIFO/main.c:133.2-138.3: up iteration #5
[ Some constraints are not stable:
   Main domain
   Symbolic binary floats ]
FIFO/main.c:29.4-30.50: up iteration #0
FIFO/main.c:29.4-30.50: down iteration #0
FIFO/main.c:133.2-138.3: up iteration #6
[ Some constraints are not stable:
   Main domain
   Symbolic binary floats ]
FIFO/main.c:29.4-30.50: up iteration #0
FIFO/main.c:29.4-30.50: down iteration #0
FIFO/main.c:133.2-138.3: up iteration #7
[ Some constraints are not stable:
   Main domain
   Symbolic binary floats ]
FIFO/main.c:29.4-30.50: up iteration #0
FIFO/main.c:29.4-30.50: down iteration #0
FIFO/main.c:133.2-138.3: up iteration #8
[ Some constraints are not stable:
   Main domain ]
FIFO/main.c:29.4-30.50: up iteration #0
FIFO/main.c:29.4-30.50: down iteration #0
FIFO/main.c:133.2-138.3: up iteration #9
[ Some constraints are not stable:
   Main domain ]
FIFO/main.c:29.4-30.50: up iteration #0
FIFO/main.c:29.4-30.50: down iteration #0
FIFO/main.c:133.2-138.3: up iteration #10
[ Some constraints are not stable:
   Main domain ]
FIFO/main.c:29.4-30.50: up iteration #0
FIFO/main.c:29.4-30.50: down iteration #0
FIFO/main.c:133.2-138.3: up iteration #11
[ Some constraints are not stable:
   Main domain ]
FIFO/main.c:29.4-30.50: up iteration #0
FIFO/main.c:29.4-30.50: down iteration #0
FIFO/main.c:133.2-138.3: up iteration #12
[ Some constraints are not stable:
   Main domain ]
FIFO/main.c:29.4-30.50: up iteration #0
FIFO/main.c:29.4-30.50: down iteration #0
FIFO/main.c:133.2-138.3: up iteration #13
[ Some constraints are not stable:
   Main domain ]
FIFO/main.c:29.4-30.50: up iteration #0
FIFO/main.c:29.4-30.50: down iteration #0
FIFO/main.c:133.2-138.3: up iteration #14
[ Some constraints are not stable:
   Main domain ]
FIFO/main.c:29.4-30.50: up iteration #0
FIFO/main.c:29.4-30.50: down iteration #0
FIFO/main.c:133.2-138.3: up iteration #15
FIFO/main.c:29.4-30.50: up iteration #0
FIFO/main.c:29.4-30.50: down iteration #0
FIFO/main.c:133.2-138.3: down iteration #0
FIFO/main.c:29.4-30.50: up iteration #0
FIFO/main.c:29.4-30.50: down iteration #0
FIFO/main.c:116.2-32:[call#main@124:loop@138>=2:call#design@142:]: WARN (E): assert failure __ASTREE_assert((*equal == 1))
FIFO/main.c:29.4-30.50: up iteration #0
FIFO/main.c:29.4-30.50: down iteration #0
FIFO/main.c:133.2-7:[call#main@124:loop@138>=2:]: WARN (E): Loop never terminates for this context. 
WARNING: FIFO/main.c:119.0-140.1:[:]: Analyzed entry-point main never returns. 
Time spent in analysis of entry-point main: 0.476127 s (0 h 0 mn 0 s)

1 procedure(s) executed
/* Possibly shared variables */
No shared variables found
/* Reached functions */
| ----------------------------------------------------------------------- |
|                             |      Number of statements       |         |
| Reached functions (6/6)     |   total | reached | not reached | percent |
| ----------------------------------------------------------------------- |
FIFO/main.c:22.0-54.1: | srFIFO                      |      20 |      20 |           0 |   100 % |
FIFO/main.c:74.0-99.1: | rbFIFO                      |      16 |      16 |           0 |   100 % |
FIFO/main.c:119.0-140.1: | main                        |      14 |      13 |           1 |    92 % |
FIFO/main.c:14.0-20.1: | initial_srFIFO              |       7 |       7 |           0 |   100 % |
FIFO/main.c:64.0-72.1: | initial_rbFIFO              |       8 |       8 |           0 |   100 % |
FIFO/main.c:108.0-117.1: | design                      |       4 |       4 |           0 |   100 % |
| ----------------------------------------------------------------------- |
/* Result summary */
Errors:                        0
Alarms on code locations
  Run-time errors:             1
  Data flow anomalies:         1
  Rule violations:             0
Alarms on memory locations
  Data races:                  0
Reached code:                 98 % (68/69 statements)

dataflow per process and per function
main-process: initial_srFIFO: ssrFIFO W
main-process: srFIFO: ssrFIFO RW
main-process: srFIFO: srDataOut W
main-process: srFIFO: srFull RW
main-process: srFIFO: srEmpty W
main-process: initial_rbFIFO: srbFIFO W
main-process: rbFIFO: srbFIFO RW
main-process: rbFIFO: rbDataOut W
main-process: rbFIFO: rbFull RW
main-process: rbFIFO: rbEmpty W
main-process: design: ssrFIFO R
main-process: design: srbFIFO R
main-process: design: srDataOut R
main-process: design: srFull R
main-process: design: rbDataOut R
main-process: design: rbFull R

/* Max heap size: 6.57 MB, 7 major collections */
Duration:                   0.50 s (0 h 0 mn 0 s)
