/* ABI */
Using predefined ABI Analyzer default
/*             _        _         __         _
              //\      | |       /_/        /\\
             //  \  ___| |_ _ __ ___  ___  /  \\
            // /\ \/ __| __| '__/ _ \/ _ \/ /\ \\
           // ____ \__ \ |_| | |  __/  __/ ____ \\
    ______//_/    \_\__/\__|_|  \___|\__/_/    \_\\______

Analyzer launched at 2017/05/30 22:32:12 (GMT+2)
Developer mode
Command line was "/home/mine/absinthe/svn/astree/analyzer.opt --preprocess cpp -I. -nostdinc BufAl/main.c --exec-fn main --partition-all --max-finite-int-set-size 8 "
Launched by "mine" on "bihexachat", pid=14793
Executable "analyzer.opt" created at 2017/05/21 23:39:50 (GMT+2)
Integer size: unlimited
End-user: Astree Team - Ecole Normale Superieure
Version signature is "f06bae125824e4420694b8c2e11e07b9 -" */

/* Filter patterns */
/* External declarations */
/* Parsing files */
BufAl/main.c: parsing... (file 1 of 1)
Parsed 87 physical lines of preprocessed code
List of malloc contexts:
0 typed malloc context(s)
Computing static dependencies ...

Computing dependency graph
Computing cycles
Dependency analysis done
/* Variables in circular dependencies (0) */

4 total declaration(s)
/* Domains: Pointers, and Guard domain, and Packed (Octagons), and High_passband_domain(10), and Second_order_filter_domain(10), and Arithmetico-geometric series, and new clock, and Dependencies(static), and Equality relations, and Modulo relations, and Symbolic binary floats, and Packed (Boolean relations (based on Absolute value equality relations, and Symbolic constant propagation (max_depth=20), and Linearization, and Integer intervals, and Integer modular intervals, and Integer congruences, and Integer finite sets, and Integer bitfields, and Integer nullness, and Float distance to zero, and Float intervals)), and Symbolic constant propagation (max_depth=20), and Linearization, and Integer intervals, and Integer modular intervals, and Integer congruences, and Integer finite sets, and Integer bitfields, and Integer nullness, and Float distance to zero, and Float intervals, and Symbolic lvalues. */
No ambiguity due to side effects in expressions
/* Executing <main> */
BufAl/main.c:47.56-63:[call#main@83:loop@97=1/1:call#design@101:]: WARN (E): uninitialized read: reading 1 byte(s) at offset(s) 0 in variable nack
BufAl/main.c:49.8-19:[call#main@83:loop@97=1/1:call#design@101:]: WARN (E): uninitialized read: reading 1 byte(s) at offset(s) 0 in variable alloc_addr
BufAl/main.c:92.2-98.3: up iteration #0
[ Some constraints are not stable:
   Guards
   Main domain
   Octagons
   Symbolic binary floats ]
BufAl/main.c:92.2-98.3: up iteration #1
[ Some constraints are not stable:
   Main domain
   Octagons ]
BufAl/main.c:92.2-98.3: up iteration #2
[ Some constraints are not stable:
   Main domain
   Octagons ]
BufAl/main.c:92.2-98.3: up iteration #3
[ Some constraints are not stable:
   Main domain
   Octagons ]
BufAl/main.c:92.2-98.3: up iteration #4
[ Some constraints are not stable:
   Main domain ]
BufAl/main.c:92.2-98.3: up iteration #5
[ Some constraints are not stable:
   Main domain ]
BufAl/main.c:92.2-98.3: up iteration #6
[ Some constraints are not stable:
   Main domain ]
BufAl/main.c:92.2-98.3: up iteration #7
[ Some constraints are not stable:
   Main domain ]
BufAl/main.c:92.2-98.3: up iteration #8
[ Some constraints are not stable:
   Main domain ]
BufAl/main.c:92.2-98.3: up iteration #9
BufAl/main.c:92.2-98.3: down iteration #0
BufAl/main.c:92.2-98.3: down iteration #1
BufAl/main.c:48.28-43:[call#main@83:loop@97>=2:call#design@101:]: WARN (E): out-of-bound array index [0, 255] not included in [0, 15]
BufAl/main.c:48.17-44:[call#main@83:loop@97>=2:call#design@101:]: WARN (E): invalid dereference: dereferencing 1 byte(s) at offset(s) [3,258] may overflow the variable smain of byte-size 20
BufAl/main.c:97.3-85:[call#main@83:loop@97>=2:]: WARN (E): assert failure __ASTREE_assert(((smain.count >> 4 & 1) == 0 || (smain.count & 15) == 0))
BufAl/main.c:92.2-7:[call#main@83:loop@97>=2:]: WARN (E): Loop never terminates for this context. 
WARNING: BufAl/main.c:78.0-100.1:[:]: Analyzed entry-point main never returns. 
Time spent in analysis of entry-point main: 0.116125 s (0 h 0 mn 0 s)

1 procedure(s) executed
/* Possibly shared variables */
No shared variables found
/* Reached functions */
| ----------------------------------------------------------------------- |
|                             |      Number of statements       |         |
| Reached functions (3/3)     |   total | reached | not reached | percent |
| ----------------------------------------------------------------------- |
BufAl/main.c:78.0-100.1: | main                        |      15 |      14 |           1 |    93 % |
BufAl/main.c:18.0-39.1: | initial                     |      20 |      20 |           0 |   100 % |
BufAl/main.c:41.0-77.1: | design                      |      14 |      14 |           0 |   100 % |
| ----------------------------------------------------------------------- |
/* Result summary */
Errors:                        0
Alarms on code locations
  Run-time errors:             5
  Data flow anomalies:         1
  Rule violations:             0
Alarms on memory locations
  Data races:                  0
Reached code:                 97 % (48/49 statements)

dataflow per process and per function
main-process: initial: smain W
main-process: design: smain RW
main-process: main: smain R

/* Max heap size: 3.75 MB, 4 major collections */
Duration:                   0.14 s (0 h 0 mn 0 s)
