/* ABI */
Using predefined ABI Analyzer default
/*             _        _         __         _
              //\      | |       /_/        /\\
             //  \  ___| |_ _ __ ___  ___  /  \\
            // /\ \/ __| __| '__/ _ \/ _ \/ /\ \\
           // ____ \__ \ |_| | |  __/  __/ ____ \\
    ______//_/    \_\__/\__|_|  \___|\__/_/    \_\\______

Analyzer launched at 2017/05/30 22:32:12 (GMT+2)
Developer mode
Command line was "/home/mine/absinthe/svn/astree/analyzer.opt --preprocess cpp -I. -nostdinc Barrel/main.c --exec-fn main --partition-all --max-finite-int-set-size 8 "
Launched by "mine" on "bihexachat", pid=14789
Executable "analyzer.opt" created at 2017/05/21 23:39:50 (GMT+2)
Integer size: unlimited
End-user: Astree Team - Ecole Normale Superieure
Version signature is "f06bae125824e4420694b8c2e11e07b9 -" */

/* Filter patterns */
/* External declarations */
/* Parsing files */
Barrel/main.c: parsing... (file 1 of 1)
Parsed 77 physical lines of preprocessed code
List of malloc contexts:
0 typed malloc context(s)
Computing static dependencies ...

Computing dependency graph
Computing cycles
Dependency analysis done
/* Variables in circular dependencies (0) */

5 total declaration(s)
/* Domains: Pointers, and Guard domain, and Packed (Octagons), and High_passband_domain(10), and Second_order_filter_domain(10), and Arithmetico-geometric series, and new clock, and Dependencies(static), and Equality relations, and Modulo relations, and Symbolic binary floats, and Packed (Boolean relations (based on Absolute value equality relations, and Symbolic constant propagation (max_depth=20), and Linearization, and Integer intervals, and Integer modular intervals, and Integer congruences, and Integer finite sets, and Integer bitfields, and Integer nullness, and Float distance to zero, and Float intervals)), and Symbolic constant propagation (max_depth=20), and Linearization, and Integer intervals, and Integer modular intervals, and Integer congruences, and Integer finite sets, and Integer bitfields, and Integer nullness, and Float distance to zero, and Float intervals, and Symbolic lvalues. */
No ambiguity due to side effects in expressions
/* Executing <main> */
Barrel/main.c:84.9-12:[call#main@75:]: WARN (E): uninitialized read: reading 1 byte(s) at offset(s) 0 in variable clk
Barrel/main.c:85.9-12:[call#main@75:]: WARN (E): uninitialized read: reading 1 byte(s) at offset(s) 0 in variable clk
Barrel/main.c:86.2-962:[call#main@75:]: WARN (E): assert failure __ASTREE_assert(((sb.b0 & 3 != sb.r0 & 3 || sb.b1 & 3 == sb.r1 & 3) && (sb.b0 & 3 != sb.r1 & 3 || sb.b1 & 3 == sb.r2 & 3) && (sb.b0 & 3 != sb.r2 & 3 || sb.b1 & 3 == sb.r3 & 3) && (sb.b0 & 3 != sb.r3 & 3 || sb.b1 & 3 == sb.r0 & 3) && (sb.b1 & 3 != sb.r0 & 3 || sb.b2 & 3 == sb.r1 & 3) && (sb.b1 & 3 != sb.r1 & 3 || sb.b2 & 3 == sb.r2 & 3) && (sb.b1 & 3 != sb.r2 & 3 || sb.b2 & 3 == sb.r3 & 3) && (sb.b1 & 3 != sb.r3 & 3 || sb.b2 & 3 == sb.r0 & 3) && (sb.b2 & 3 != sb.r0 & 3 || sb.b3 & 3 == sb.r1 & 3) && (sb.b2 & 3 != sb.r1 & 3 || sb.b3 & 3 == sb.r2 & 3) && (sb.b2 & 3 != sb.r2 & 3 || sb.b3 & 3 == sb.r3 & 3) && (sb.b2 & 3 != sb.r3 & 3 || sb.b3 & 3 == sb.r0 & 3) && (sb.b3 & 3 != sb.r0 & 3 || sb.b0 & 3 == sb.r1 & 3) && (sb.b3 & 3 != sb.r1 & 3 || sb.b0 & 3 == sb.r2 & 3) && (sb.b3 & 3 != sb.r2 & 3 || sb.b0 & 3 == sb.r3 & 3) && (sb.b3 & 3 != sb.r3 & 3 || sb.b0 & 3 == sb.r0 & 3)))
Barrel/main.c:86.2-962:[call#main@75:]: Definite assertion failure in this context. Analysis stopped for this context. 
WARNING: Barrel/main.c:80.0-103.1:[:]: Analyzed entry-point main never returns. 
Time spent in analysis of entry-point main: 0.005705 s (0 h 0 mn 0 s)

1 procedure(s) executed
/* Possibly shared variables */
No shared variables found
/* Reached functions */
| ----------------------------------------------------------------------- |
|                             |      Number of statements       |         |
| Reached functions (4/4)     |   total | reached | not reached | percent |
| ----------------------------------------------------------------------- |
Barrel/main.c:80.0-103.1: | main                        |       5 |       5 |           0 |   100 % |
Barrel/main.c:40.0-59.1: | initial                     |      17 |      17 |           0 |   100 % |
Barrel/main.c:12.0-38.1: | fvalid                      |       3 |       3 |           0 |   100 % |
Barrel/main.c:61.0-78.1: | barrel                      |       4 |       4 |           0 |   100 % |
| ----------------------------------------------------------------------- |
/* Result summary */
Errors:                        1
Alarms on code locations
  Run-time errors:             3
  Data flow anomalies:         0
  Rule violations:             0
Alarms on memory locations
  Data races:                  0
Reached code:                100 % (29/29 statements)

dataflow per process and per function
main-process: initial: sb RW
main-process: barrel: sb RW
main-process: main: sb R

/* Max heap size: 3.75 MB, 4 major collections */
Duration:                   0.03 s (0 h 0 mn 0 s)
