/* ABI */
Using predefined ABI Analyzer default
/*             _        _         __         _
              //\      | |       /_/        /\\
             //  \  ___| |_ _ __ ___  ___  /  \\
            // /\ \/ __| __| '__/ _ \/ _ \/ /\ \\
           // ____ \__ \ |_| | |  __/  __/ ____ \\
    ______//_/    \_\__/\__|_|  \___|\__/_/    \_\\______

Analyzer launched at 2017/05/30 22:32:14 (GMT+2)
Developer mode
Command line was "/home/mine/absinthe/svn/astree/analyzer.opt --preprocess cpp -I. -nostdinc Vending/main.c --exec-fn main --partition-all --max-finite-int-set-size 8 "
Launched by "mine" on "bihexachat", pid=14825
Executable "analyzer.opt" created at 2017/05/21 23:39:50 (GMT+2)
Integer size: unlimited
End-user: Astree Team - Ecole Normale Superieure
Version signature is "f06bae125824e4420694b8c2e11e07b9 -" */

/* Filter patterns */
/* External declarations */
/* Parsing files */
Vending/main.c: parsing... (file 1 of 1)
Parsed 222 physical lines of preprocessed code
List of malloc contexts:
0 typed malloc context(s)
Computing static dependencies ...

Computing dependency graph
Computing cycles
Dependency analysis done
/* Variables in circular dependencies (0) */

17 total declaration(s)
/* Domains: Pointers, and Guard domain, and Packed (Octagons), and High_passband_domain(10), and Second_order_filter_domain(10), and Arithmetico-geometric series, and new clock, and Dependencies(static), and Equality relations, and Modulo relations, and Symbolic binary floats, and Packed (Boolean relations (based on Absolute value equality relations, and Symbolic constant propagation (max_depth=20), and Linearization, and Integer intervals, and Integer modular intervals, and Integer congruences, and Integer finite sets, and Integer bitfields, and Integer nullness, and Float distance to zero, and Float intervals)), and Symbolic constant propagation (max_depth=20), and Linearization, and Integer intervals, and Integer modular intervals, and Integer congruences, and Integer finite sets, and Integer bitfields, and Integer nullness, and Float distance to zero, and Float intervals, and Symbolic lvalues. */
No ambiguity due to side effects in expressions
/* Executing <main> */
Vending/main.c:255.34-42:[call#main@223:]: WARN (E): uninitialized read: reading 1 byte(s) at offset(s) 0 in variable beverage
Time spent in analysis of entry-point main: 0.011553 s (0 h 0 mn 0 s)

1 procedure(s) executed
/* Possibly shared variables */
No shared variables found
/* Reached functions */
| ----------------------------------------------------------------------- |
|                             |      Number of statements       |         |
| Reached functions (5/5)     |   total | reached | not reached | percent |
| ----------------------------------------------------------------------- |
Vending/main.c:39.0-216.1: | vending                     |      76 |      28 |          48 |    36 % |
Vending/main.c:229.0-239.1: | monitor                     |       8 |       8 |           0 |   100 % |
Vending/main.c:243.0-262.1: | main                        |      11 |      11 |           0 |   100 % |
Vending/main.c:26.0-37.1: | initial_vending             |       9 |       9 |           0 |   100 % |
Vending/main.c:223.0-227.1: | initial_monitor             |       2 |       2 |           0 |   100 % |
| ----------------------------------------------------------------------- |
/* Result summary */
Errors:                        0
Alarms on code locations
  Run-time errors:             1
  Data flow anomalies:         0
  Rule violations:             0
Alarms on memory locations
  Data races:                  0
Reached code:                 54 % (58/106 statements)

dataflow per process and per function
main-process: initial_vending: svending W
main-process: vending: svending RW
main-process: initial_monitor: smonitor W
main-process: monitor: smonitor RW
main-process: main: deposit RW

/* Max heap size: 3.75 MB, 4 major collections */
Duration:                   0.04 s (0 h 0 mn 0 s)
