/* ABI */
Using predefined ABI Analyzer default
/*             _        _         __         _
              //\      | |       /_/        /\\
             //  \  ___| |_ _ __ ___  ___  /  \\
            // /\ \/ __| __| '__/ _ \/ _ \/ /\ \\
           // ____ \__ \ |_| | |  __/  __/ ____ \\
    ______//_/    \_\__/\__|_|  \___|\__/_/    \_\\______

Analyzer launched at 2017/05/30 22:32:10 (GMT+2)
Developer mode
Command line was "/home/mine/absinthe/svn/astree/analyzer.opt --preprocess cpp -I. -nostdinc Arbiter/main.c --exec-fn main --partition-all --max-finite-int-set-size 8 "
Launched by "mine" on "bihexachat", pid=14761
Executable "analyzer.opt" created at 2017/05/21 23:39:50 (GMT+2)
Integer size: unlimited
End-user: Astree Team - Ecole Normale Superieure
Version signature is "f06bae125824e4420694b8c2e11e07b9 -" */

/* Filter patterns */
/* External declarations */
/* Parsing files */
Arbiter/main.c: parsing... (file 1 of 1)
Parsed 137 physical lines of preprocessed code
List of malloc contexts:
0 typed malloc context(s)
Computing static dependencies ...

Computing dependency graph
Computing cycles
Dependency analysis done
/* Variables in circular dependencies (3) */
scontroller
sarbiter
sclient

22 total declaration(s)
/* Domains: Pointers, and Guard domain, and Packed (Octagons), and High_passband_domain(10), and Second_order_filter_domain(10), and Arithmetico-geometric series, and new clock, and Dependencies(static), and Equality relations, and Modulo relations, and Symbolic binary floats, and Packed (Boolean relations (based on Absolute value equality relations, and Symbolic constant propagation (max_depth=20), and Linearization, and Integer intervals, and Integer modular intervals, and Integer congruences, and Integer finite sets, and Integer bitfields, and Integer nullness, and Float distance to zero, and Float intervals)), and Symbolic constant propagation (max_depth=20), and Linearization, and Integer intervals, and Integer modular intervals, and Integer congruences, and Integer finite sets, and Integer bitfields, and Integer nullness, and Float distance to zero, and Float intervals, and Symbolic lvalues. */
No ambiguity due to side effects in expressions
/* Executing <main> */
Arbiter/main.c:144.23-27:[call#main@135:loop@148=1/1:]: WARN (E): uninitialized read: reading 1 byte(s) at offset(s) 0 in variable ackA
Arbiter/main.c:145.23-27:[call#main@135:loop@148=1/1:]: WARN (E): uninitialized read: reading 1 byte(s) at offset(s) 0 in variable ackB
Arbiter/main.c:146.23-27:[call#main@135:loop@148=1/1:]: WARN (E): uninitialized read: reading 1 byte(s) at offset(s) 0 in variable ackC
Arbiter/main.c:148.33-36:[call#main@135:loop@148=1/1:]: WARN (E): uninitialized read: reading 1 byte(s) at offset(s) 0 in variable sel
Arbiter/main.c:149.33-36:[call#main@135:loop@148=1/1:]: WARN (E): uninitialized read: reading 1 byte(s) at offset(s) 0 in variable sel
Arbiter/main.c:150.33-36:[call#main@135:loop@148=1/1:]: WARN (E): uninitialized read: reading 1 byte(s) at offset(s) 0 in variable sel
Arbiter/main.c:152.23-29:[call#main@135:loop@148=1/1:]: WARN (E): uninitialized read: reading 1 byte(s) at offset(s) 0 in variable active
Arbiter/main.c:143.2-158.3: up iteration #0
[ Some constraints are not stable:
   Guards ]
Arbiter/main.c:143.2-158.3: up iteration #1
Arbiter/main.c:143.2-158.3: down iteration #0
Arbiter/main.c:143.2-7:[call#main@135:loop@148>=2:]: WARN (E): Loop never terminates for this context. 
WARNING: Arbiter/main.c:130.0-160.1:[:]: Analyzed entry-point main never returns. 
Time spent in analysis of entry-point main: 0.058317 s (0 h 0 mn 0 s)

1 procedure(s) executed
/* Possibly shared variables */
No shared variables found
/* Reached functions */
| ----------------------------------------------------------------------- |
|                             |      Number of statements       |         |
| Reached functions (7/7)     |   total | reached | not reached | percent |
| ----------------------------------------------------------------------- |
Arbiter/main.c:130.0-160.1: | main                        |      25 |      24 |           1 |    96 % |
Arbiter/main.c:27.0-32.1: | controller_initial          |       3 |       3 |           0 |   100 % |
Arbiter/main.c:34.0-69.1: | controller                  |      19 |       9 |          10 |    47 % |
Arbiter/main.c:101.0-105.1: | client_initial              |       2 |       2 |           0 |   100 % |
Arbiter/main.c:106.0-128.1: | client                      |      12 |       3 |           9 |    25 % |
Arbiter/main.c:76.0-79.1: | arbiter_initial             |       1 |       1 |           0 |   100 % |
Arbiter/main.c:81.0-93.1: | arbiter                     |       8 |       8 |           0 |   100 % |
| ----------------------------------------------------------------------- |
/* Result summary */
Errors:                        0
Alarms on code locations
  Run-time errors:             7
  Data flow anomalies:         1
  Rule violations:             0
Alarms on memory locations
  Data races:                  0
Reached code:                 71 % (50/70 statements)

dataflow per process and per function
main-process: controller_initial: scontroller W
main-process: controller: scontroller RW
main-process: arbiter_initial: sarbiter W
main-process: arbiter: sarbiter RW
main-process: client_initial: sclient W
main-process: client: sclient R

/* Max heap size: 3.75 MB, 4 major collections */
Duration:                   0.09 s (0 h 0 mn 0 s)
