/* ABI */
Using predefined ABI Analyzer default
/*             _        _         __         _
              //\      | |       /_/        /\\
             //  \  ___| |_ _ __ ___  ___  /  \\
            // /\ \/ __| __| '__/ _ \/ _ \/ /\ \\
           // ____ \__ \ |_| | |  __/  __/ ____ \\
    ______//_/    \_\__/\__|_|  \___|\__/_/    \_\\______

Analyzer launched at 2017/05/30 22:32:11 (GMT+2)
Developer mode
Command line was "/home/mine/absinthe/svn/astree/analyzer.opt --preprocess cpp -I. -nostdinc b02/main.c --exec-fn main --partition-all --max-finite-int-set-size 8 "
Launched by "mine" on "bihexachat", pid=14769
Executable "analyzer.opt" created at 2017/05/21 23:39:50 (GMT+2)
Integer size: unlimited
End-user: Astree Team - Ecole Normale Superieure
Version signature is "f06bae125824e4420694b8c2e11e07b9 -" */

/* Filter patterns */
/* External declarations */
/* Parsing files */
b02/main.c: parsing... (file 1 of 1)
Parsed 87 physical lines of preprocessed code
List of malloc contexts:
0 typed malloc context(s)
Computing static dependencies ...

Computing dependency graph
Computing cycles
Dependency analysis done
/* Variables in circular dependencies (1) */
smain

11 total declaration(s)
/* Domains: Pointers, and Guard domain, and Packed (Octagons), and High_passband_domain(10), and Second_order_filter_domain(10), and Arithmetico-geometric series, and new clock, and Dependencies(static), and Equality relations, and Modulo relations, and Symbolic binary floats, and Packed (Boolean relations (based on Absolute value equality relations, and Symbolic constant propagation (max_depth=20), and Linearization, and Integer intervals, and Integer modular intervals, and Integer congruences, and Integer finite sets, and Integer bitfields, and Integer nullness, and Float distance to zero, and Float intervals)), and Symbolic constant propagation (max_depth=20), and Linearization, and Integer intervals, and Integer modular intervals, and Integer congruences, and Integer finite sets, and Integer bitfields, and Integer nullness, and Float distance to zero, and Float intervals, and Symbolic lvalues. */
No ambiguity due to side effects in expressions
/* Executing <main> */
b02/main.c:86.2-94.3: up iteration #0
[ Some constraints are not stable:
   Guards
   Main domain
   Symbolic binary floats ]
b02/main.c:86.2-94.3: up iteration #1
[ Some constraints are not stable:
   Main domain
   Symbolic binary floats ]
b02/main.c:86.2-94.3: up iteration #2
[ Some constraints are not stable:
   Main domain ]
b02/main.c:86.2-94.3: up iteration #3
b02/main.c:86.2-94.3: down iteration #0
b02/main.c:86.2-7:[call#main@81:loop@91>=2:]: WARN (E): Loop never terminates for this context. 
WARNING: b02/main.c:76.0-96.1:[:]: Analyzed entry-point main never returns. 
Time spent in analysis of entry-point main: 0.043443 s (0 h 0 mn 0 s)

1 procedure(s) executed
/* Possibly shared variables */
No shared variables found
/* Reached functions */
| ----------------------------------------------------------------------- |
|                             |      Number of statements       |         |
| Reached functions (3/3)     |   total | reached | not reached | percent |
| ----------------------------------------------------------------------- |
b02/main.c:76.0-96.1: | main                        |      13 |      12 |           1 |    92 % |
b02/main.c:17.0-20.1: | initial                     |       2 |       2 |           0 |   100 % |
b02/main.c:22.0-74.1: | b02                         |      29 |      29 |           0 |   100 % |
| ----------------------------------------------------------------------- |
/* Result summary */
Errors:                        0
Alarms on code locations
  Run-time errors:             0
  Data flow anomalies:         1
  Rule violations:             0
Alarms on memory locations
  Data races:                  0
Reached code:                 97 % (43/44 statements)

dataflow per process and per function
main-process: initial: smain W
main-process: b02: smain RW
main-process: main: smain R

/* Max heap size: 3.75 MB, 4 major collections */
Duration:                   0.07 s (0 h 0 mn 0 s)
